2025-06-02 00:16:18,801 - INFO - Loading bond data from Data/data.json
2025-06-02 00:16:18,806 - INFO - Successfully loaded bond data: {'isin': 'GB00BDRHNP05', 'description': '1¼% Treasury Gilt 2027', 'evolution_date': '2027-07-01', 'maturity_date': '2027-07-22', 'issue_date': '2017-03-15', 'yield': 4.50596904754639, 'coupon_rate': 0.0125, 'frequency': 2, 'proj_frequency': 'trimestrielle'}
2025-06-02 00:16:18,806 - INFO - Projecting bond values with data: {'isin': 'GB00BDRHNP05', 'description': '1¼% Treasury Gilt 2027', 'evolution_date': '2027-07-01', 'maturity_date': '2027-07-22', 'issue_date': '2017-03-15', 'yield': 4.50596904754639, 'coupon_rate': 0.0125, 'frequency': 2, 'proj_frequency': 'trimestrielle'}
2025-06-02 00:16:18,821 - ERROR - Error during projection: in method 'new_FixedRateBond', argument 2 of type 'Real'
2025-06-02 00:16:18,821 - ERROR - Main execution failed: in method 'new_FixedRateBond', argument 2 of type 'Real'
2025-06-02 00:22:11,640 - INFO - Loading bond data from c:\Users\hasna elbahraui\Downloads\Stage_Quantlib-main\Stage_Quantlib-main\Data\data.json
2025-06-02 00:22:11,640 - INFO - Successfully loaded bond data: {'isin': 'GB00BDRHNP05', 'description': '1¼% Treasury Gilt 2027', 'evolution_date': '2027-07-01', 'maturity_date': '2027-07-22', 'issue_date': '2017-03-15', 'yield': 4.50596904754639, 'coupon_rate': 0.0125, 'frequency': 2, 'proj_frequency': 'trimestrielle'}
2025-06-02 00:22:11,653 - INFO - Projecting bond values with data: {'isin': 'GB00BDRHNP05', 'description': '1¼% Treasury Gilt 2027', 'evolution_date': '2027-07-01', 'maturity_date': '2027-07-22', 'issue_date': '2017-03-15', 'yield': 4.50596904754639, 'coupon_rate': 0.0125, 'frequency': 2, 'proj_frequency': 'trimestrielle'}
2025-06-02 00:22:11,703 - INFO - Successfully wrote projections to c:\Users\hasna elbahraui\Downloads\Stage_Quantlib-main\Stage_Quantlib-main\Data\projection.json
2025-06-02 00:23:47,000 - INFO - Loading bond data from c:\Users\hasna elbahraui\Downloads\Stage_Quantlib-main\Stage_Quantlib-main\Data\data.json
2025-06-02 00:23:47,002 - INFO - Successfully loaded bond data: {'isin': 'GB00BDRHNP05', 'description': '1¼% Treasury Gilt 2027', 'evolution_date': '2027-07-01', 'maturity_date': '2027-07-22', 'issue_date': '2017-03-15', 'yield': 4.50596904754639, 'coupon_rate': 0.0125, 'frequency': 2, 'proj_frequency': 'trimestrielle'}
2025-06-02 00:23:47,002 - INFO - Projecting bond values with data: {'isin': 'GB00BDRHNP05', 'description': '1¼% Treasury Gilt 2027', 'evolution_date': '2027-07-01', 'maturity_date': '2027-07-22', 'issue_date': '2017-03-15', 'yield': 4.50596904754639, 'coupon_rate': 0.0125, 'frequency': 2, 'proj_frequency': 'trimestrielle'}
2025-06-02 00:23:47,007 - INFO - Successfully wrote projections to c:\Users\hasna elbahraui\Downloads\Stage_Quantlib-main\Stage_Quantlib-main\Data\projection.json
2025-06-03 20:46:53,431 - INFO - Loading bond data from c:\Users\hasna elbahraui\Downloads\Stage_Quantlib-main\Stage_Quantlib-main\Data\data.json
2025-06-03 20:46:53,431 - INFO - Successfully loaded bond data: {'isin': 'GB00BDRHNP05', 'description': '1¼% Treasury Gilt 2027', 'evolution_date': '2024-07-01', 'maturity_date': '2027-07-22', 'issue_date': '2017-03-15', 'yield': 4.50596904754639, 'coupon_rate': 0.0125, 'frequency': 2, 'proj_frequency': 'annuelle'}
2025-06-03 20:46:53,431 - INFO - Projecting bond values with data: {'isin': 'GB00BDRHNP05', 'description': '1¼% Treasury Gilt 2027', 'evolution_date': '2024-07-01', 'maturity_date': '2027-07-22', 'issue_date': '2017-03-15', 'yield': 4.50596904754639, 'coupon_rate': 0.0125, 'frequency': 2, 'proj_frequency': 'annuelle'}
2025-06-03 20:46:53,452 - INFO - Successfully wrote projections to c:\Users\hasna elbahraui\Downloads\Stage_Quantlib-main\Stage_Quantlib-main\Data\projection.json
2025-06-12 20:10:26,927 - INFO - Loading bond data from c:\Users\hasna elbahraui\Downloads\Stage_Quantlib-main\Stage_Quantlib-main\Data\data.json
2025-06-12 20:10:26,927 - INFO - Successfully loaded bond data: {'isin': 'GB00BYZW3G56', 'description': '1½% Treasury Gilt 2026', 'evolution_date': '2024-07-01', 'maturity_date': '2026-07-22', 'issue_date': '2016-02-18', 'yield': 4.68307590484619, 'coupon_rate': 0.015, 'frequency': 2, 'proj_frequency': 'mensuelle'}
2025-06-12 20:10:26,927 - INFO - Projecting bond values with data: {'isin': 'GB00BYZW3G56', 'description': '1½% Treasury Gilt 2026', 'evolution_date': '2024-07-01', 'maturity_date': '2026-07-22', 'issue_date': '2016-02-18', 'yield': 4.68307590484619, 'coupon_rate': 0.015, 'frequency': 2, 'proj_frequency': 'mensuelle'}
2025-06-12 20:10:26,927 - ERROR - Error during projection: non tradable at July 22nd, 2026 (maturity being July 22nd, 2026)
2025-06-12 20:10:26,927 - ERROR - Main execution failed: non tradable at July 22nd, 2026 (maturity being July 22nd, 2026)
2025-06-12 20:16:59,581 - INFO - Loading bond data from c:\Users\hasna elbahraui\Downloads\Stage_Quantlib-main\Stage_Quantlib-main\Data\data.json
2025-06-12 20:16:59,581 - INFO - Successfully loaded bond data: {'isin': 'GB00BYZW3G56', 'description': '1½% Treasury Gilt 2026', 'evolution_date': '2024-07-01', 'maturity_date': '2026-07-22', 'issue_date': '2016-02-18', 'yield': 4.68307590484619, 'coupon_rate': 0.015, 'frequency': 2, 'proj_frequency': 'mensuelle'}
2025-06-12 20:16:59,581 - INFO - Projecting bond values with data: {'isin': 'GB00BYZW3G56', 'description': '1½% Treasury Gilt 2026', 'evolution_date': '2024-07-01', 'maturity_date': '2026-07-22', 'issue_date': '2016-02-18', 'yield': 4.68307590484619, 'coupon_rate': 0.015, 'frequency': 2, 'proj_frequency': 'mensuelle'}
2025-06-12 20:16:59,598 - WARNING - Skipping projection for 2026-07-21 as settlement date is on or after maturity
2025-06-12 20:16:59,605 - INFO - Successfully wrote projections to c:\Users\hasna elbahraui\Downloads\Stage_Quantlib-main\Stage_Quantlib-main\Data\projection.json
2025-06-12 20:17:00,517 - INFO - Successfully wrote projections to c:\Users\hasna elbahraui\Downloads\Stage_Quantlib-main\Stage_Quantlib-main\Data\projection.xlsx
2025-06-15 13:15:24,787 - INFO - Loading bond data from C:\Users\hasna elbahraui\Downloads\Stage_Quantlib-main\Stage_Quantlib-main\Data\data.json
2025-06-15 13:15:24,801 - INFO - Successfully loaded bond data: {'isin': 'GB00BHBFH458', 'description': '2¾% Treasury Gilt 2024', 'evolution_date': '2019-01-10', 'maturity_date': '2024-09-07', 'issue_date': '2014-03-12', 'yield': 4.40404744148255, 'coupon_rate': 0.0275, 'frequency': 2, 'proj_frequency': 'trimestrielle'}
2025-06-15 13:15:24,817 - INFO - Projecting bond values with data: {'isin': 'GB00BHBFH458', 'description': '2¾% Treasury Gilt 2024', 'evolution_date': '2019-01-10', 'maturity_date': '2024-09-07', 'issue_date': '2014-03-12', 'yield': 4.40404744148255, 'coupon_rate': 0.0275, 'frequency': 2, 'proj_frequency': 'trimestrielle'}
2025-06-15 13:15:24,823 - INFO - Successfully wrote projections to C:\Users\hasna elbahraui\Downloads\Stage_Quantlib-main\Stage_Quantlib-main\Data\projection.json
2025-06-15 13:15:25,343 - INFO - Successfully wrote projections to C:\Users\hasna elbahraui\Downloads\Stage_Quantlib-main\Stage_Quantlib-main\Data\projection.xlsx
