2025-06-03 11:45:46 PM - Starting ExportBondsToJson.py
2025-06-03 11:50:44 PM - Starting ExportBondsToJson.py
2025-06-03 11:56:11 PM - Starting ExportBondsToJson.py
2025-06-03 11:56:21 PM - Export successful
2025-06-03 11:59:32 PM - Starting ExportBondsToJson.py
2025-06-03 11:59:42 PM - Export successful
2025-06-04 12:05:20 AM - Starting ExportBondsToJson.py
2025-06-04 12:05:31 AM - Export successful
2025-06-04 12:11:13 AM - Starting ExportBondsToJson.py
2025-06-04 12:11:25 AM - Export successful
2025-06-04 10:51:37 AM - Starting ExportBondsToJson.py
2025-06-04 10:51:52 AM - Export successful
2025-06-04 10:55:57 AM - Starting calculate_bonds.py
2025-06-04 10:56:04 AM - calculate_bonds.py completed successfully
2025-06-04 11:13:22 AM - Starting ExportBondsToJson.py
2025-06-04 11:13:34 AM - ExportBondsToJson.py completed in 11.04 seconds
2025-06-04 11:13:34 AM - Starting calculate_bonds.py
2025-06-04 11:13:38 AM - calculate_bonds.py completed in 4.21 seconds
2025-06-04 11:16:19 AM - Starting ExportBondsToJson.py
2025-06-04 11:16:30 AM - ExportBondsToJson.py completed in 10.57 seconds
2025-06-04 11:16:33 AM - Starting calculate_bonds.py
2025-06-04 11:16:39 AM - calculate_bonds.py completed in 6.12 seconds
